[1719448243] Nagios 4.5.0 starting... (PID=25)
[1719448243] Local time is Thu Jun 27 00:30:43 UTC 2024
[1719448243] LOG VERSION: 2.0
[1719448243] qh: Socket '/opt/nagios/var/rw/nagios.qh' successfully initialized
[1719448243] qh: core query handler registered
[1719448243] qh: echo service query handler registered
[1719448243] qh: help for the query handler registered
[1719448243] wproc: Successfully registered manager as @wproc with query handler
[1719448243] wproc: Registry request: name=Core Worker 35;pid=35
[1719448243] wproc: Registry request: name=Core Worker 36;pid=36
[1719448243] wproc: Registry request: name=Core Worker 37;pid=37
[1719448243] wproc: Registry request: name=Core Worker 34;pid=34
[1719448243] Warning: Could not open object cache file '/opt/nagios/var/objects.cache' for writing!
[1719448243] Warning: File '/opt/nagios/var/perfdata.log' could not be opened - service performance data will not be written to file!
[1719448245] Error: Unable to create temp file '/opt/nagios/var/nagios.tmpeXNUnY' for writing status data: Permission denied
[1719448245] Successfully launched command file worker with pid 45
[1719448253] Warning: File '/opt/nagios/var/perfdata.log' could not be opened - service performance data will not be written to file!
[1719448253] Error: Unable to create temp file '/opt/nagios/var/nagios.tmpAVVlrF' for writing status data: Permission denied
[1719448263] Warning: File '/opt/nagios/var/perfdata.log' could not be opened - service performance data will not be written to file!
[1719448263] Error: Unable to create temp file '/opt/nagios/var/nagios.tmplYHzAF' for writing status data: Permission denied
[1719448273] Warning: File '/opt/nagios/var/perfdata.log' could not be opened - service performance data will not be written to file!
[1719448273] Error: Unable to create temp file '/opt/nagios/var/nagios.tmp8N0a6a' for writing status data: Permission denied
[1719448283] Warning: File '/opt/nagios/var/perfdata.log' could not be opened - service performance data will not be written to file!
[1719448283] Error: Unable to create temp file '/opt/nagios/var/nagios.tmpanpNvP' for writing status data: Permission denied
[1719448293] Warning: File '/opt/nagios/var/perfdata.log' could not be opened - service performance data will not be written to file!
[1719448293] Error: Unable to create temp file '/opt/nagios/var/nagios.tmpUOMkof' for writing status data: Permission denied
[1719448303] Warning: File '/opt/nagios/var/perfdata.log' could not be opened - service performance data will not be written to file!
[1719448303] Error: Unable to create temp file '/opt/nagios/var/nagios.tmp9ZaMOD' for writing status data: Permission denied
[1719448313] Warning: File '/opt/nagios/var/perfdata.log' could not be opened - service performance data will not be written to file!
[1719448313] Error: Unable to create temp file '/opt/nagios/var/nagios.tmpFX7qwj' for writing status data: Permission denied
[1719448323] Warning: File '/opt/nagios/var/perfdata.log' could not be opened - service performance data will not be written to file!
[1719448323] Error: Unable to create temp file '/opt/nagios/var/nagios.tmpGMD48o' for writing status data: Permission denied
[1719448333] Warning: File '/opt/nagios/var/perfdata.log' could not be opened - service performance data will not be written to file!
[1719448333] Error: Unable to create temp file '/opt/nagios/var/nagios.tmp3WbDDW' for writing status data: Permission denied
[1719448343] Warning: File '/opt/nagios/var/perfdata.log' could not be opened - service performance data will not be written to file!
[1719448343] Error: Unable to create temp file '/opt/nagios/var/nagios.tmp0uEirc' for writing status data: Permission denied
[1719448353] Warning: File '/opt/nagios/var/perfdata.log' could not be opened - service performance data will not be written to file!
[1719448353] Error: Unable to create temp file '/opt/nagios/var/nagios.tmp4y6FtV' for writing status data: Permission denied
[1719448363] Warning: File '/opt/nagios/var/perfdata.log' could not be opened - service performance data will not be written to file!
[1719448363] Error: Unable to create temp file '/opt/nagios/var/nagios.tmpfSlXx4' for writing status data: Permission denied
[1719448371] SERVICE ALERT: localhost;HTTP;WARNING;SOFT;1;HTTP WARNING: HTTP/1.1 401 Unauthorized - 695 bytes in 0.001 second response time
[1719448372] Error: Unable to create temp file '/opt/nagios/var/nagios.tmprbk9xV' for writing status data: Permission denied
[1719448373] Warning: File '/opt/nagios/var/perfdata.log' could not be opened - service performance data will not be written to file!
[1719448382] Error: Unable to create temp file '/opt/nagios/var/nagios.tmpXDuONH' for writing status data: Permission denied
[1719448383] Warning: File '/opt/nagios/var/perfdata.log' could not be opened - service performance data will not be written to file!
[1719448392] Error: Unable to create temp file '/opt/nagios/var/nagios.tmp3FBhZI' for writing status data: Permission denied
[1719448393] Warning: File '/opt/nagios/var/perfdata.log' could not be opened - service performance data will not be written to file!
[1719448402] Error: Unable to create temp file '/opt/nagios/var/nagios.tmp6gsrOZ' for writing status data: Permission denied
[1719448403] Warning: File '/opt/nagios/var/perfdata.log' could not be opened - service performance data will not be written to file!
[1719448412] Error: Unable to create temp file '/opt/nagios/var/nagios.tmpRX7oHZ' for writing status data: Permission denied
[1719448413] Warning: File '/opt/nagios/var/perfdata.log' could not be opened - service performance data will not be written to file!
[1719448423] Warning: File '/opt/nagios/var/perfdata.log' could not be opened - service performance data will not be written to file!
[1719448423] Error: Unable to create temp file '/opt/nagios/var/nagios.tmpH9gn8n' for writing status data: Permission denied
[1719448431] SERVICE ALERT: localhost;HTTP;WARNING;SOFT;2;HTTP WARNING: HTTP/1.1 401 Unauthorized - 695 bytes in 0.001 second response time
[1719448433] Warning: File '/opt/nagios/var/perfdata.log' could not be opened - service performance data will not be written to file!
[1719448433] Error: Unable to create temp file '/opt/nagios/var/nagios.tmpsxwH2t' for writing status data: Permission denied
[1719448443] Warning: File '/opt/nagios/var/perfdata.log' could not be opened - service performance data will not be written to file!
[1719448443] Error: Unable to create temp file '/opt/nagios/var/nagios.tmpwrgrvv' for writing status data: Permission denied
[1719448453] Warning: File '/opt/nagios/var/perfdata.log' could not be opened - service performance data will not be written to file!
[1719448453] Error: Unable to create temp file '/opt/nagios/var/nagios.tmpf3x3Pm' for writing status data: Permission denied
[1719448463] Warning: File '/opt/nagios/var/perfdata.log' could not be opened - service performance data will not be written to file!
[1719448463] Error: Unable to create temp file '/opt/nagios/var/nagios.tmp21X9Rn' for writing status data: Permission denied
[1719448473] Warning: File '/opt/nagios/var/perfdata.log' could not be opened - service performance data will not be written to file!
[1719448473] Error: Unable to create temp file '/opt/nagios/var/nagios.tmpk2wU0X' for writing status data: Permission denied
[1719448483] Warning: File '/opt/nagios/var/perfdata.log' could not be opened - service performance data will not be written to file!
[1719448483] Error: Unable to create temp file '/opt/nagios/var/nagios.tmpQBXnNF' for writing status data: Permission denied
[1719448486] Caught SIGTERM, shutting down...
[1719448486] Successfully shutdown... (PID=25)
[1719448494] Nagios 4.5.0 starting... (PID=15)
[1719448494] Local time is Thu Jun 27 00:34:54 UTC 2024
[1719448494] LOG VERSION: 2.0
[1719448494] qh: Socket '/opt/nagios/var/rw/nagios.qh' successfully initialized
[1719448494] qh: core query handler registered
[1719448494] qh: echo service query handler registered
[1719448494] qh: help for the query handler registered
[1719448494] wproc: Successfully registered manager as @wproc with query handler
[1719448494] wproc: Registry request: name=Core Worker 30;pid=30
[1719448494] wproc: Registry request: name=Core Worker 28;pid=28
[1719448494] wproc: Registry request: name=Core Worker 29;pid=29
[1719448494] wproc: Registry request: name=Core Worker 27;pid=27
[1719448494] Warning: Could not open object cache file '/opt/nagios/var/objects.cache' for writing!
[1719448494] Warning: File '/opt/nagios/var/perfdata.log' could not be opened - service performance data will not be written to file!
[1719448495] Error: Unable to create temp file '/opt/nagios/var/nagios.tmpO0rDqE' for writing status data: Permission denied
[1719448495] Successfully launched command file worker with pid 38
[1719448504] Warning: File '/opt/nagios/var/perfdata.log' could not be opened - service performance data will not be written to file!
[1719448504] Error: Unable to create temp file '/opt/nagios/var/nagios.tmpFG6XDE' for writing status data: Permission denied
[1719448514] Warning: File '/opt/nagios/var/perfdata.log' could not be opened - service performance data will not be written to file!
[1719448514] Error: Unable to create temp file '/opt/nagios/var/nagios.tmpoIGSOR' for writing status data: Permission denied
[1719448524] Warning: File '/opt/nagios/var/perfdata.log' could not be opened - service performance data will not be written to file!
[1719448524] Error: Unable to create temp file '/opt/nagios/var/nagios.tmp2Vya1q' for writing status data: Permission denied
[1719448534] Warning: File '/opt/nagios/var/perfdata.log' could not be opened - service performance data will not be written to file!
[1719448534] Error: Unable to create temp file '/opt/nagios/var/nagios.tmpsZEPiI' for writing status data: Permission denied
[1719448544] Warning: File '/opt/nagios/var/perfdata.log' could not be opened - service performance data will not be written to file!
[1719448544] Error: Unable to create temp file '/opt/nagios/var/nagios.tmpz0MlgY' for writing status data: Permission denied
[1719448554] Warning: File '/opt/nagios/var/perfdata.log' could not be opened - service performance data will not be written to file!
[1719448554] Error: Unable to create temp file '/opt/nagios/var/nagios.tmpzm958F' for writing status data: Permission denied
[1719448564] Warning: File '/opt/nagios/var/perfdata.log' could not be opened - service performance data will not be written to file!
[1719448564] Error: Unable to create temp file '/opt/nagios/var/nagios.tmpKzi0Kc' for writing status data: Permission denied
[1719448574] Warning: File '/opt/nagios/var/perfdata.log' could not be opened - service performance data will not be written to file!
[1719448574] Error: Unable to create temp file '/opt/nagios/var/nagios.tmp96mMVK' for writing status data: Permission denied
[1719448584] Warning: File '/opt/nagios/var/perfdata.log' could not be opened - service performance data will not be written to file!
[1719448584] Error: Unable to create temp file '/opt/nagios/var/nagios.tmpjQHhL5' for writing status data: Permission denied
[1719448594] Warning: File '/opt/nagios/var/perfdata.log' could not be opened - service performance data will not be written to file!
[1719448594] Error: Unable to create temp file '/opt/nagios/var/nagios.tmppHy3ax' for writing status data: Permission denied
[1719448604] Warning: File '/opt/nagios/var/perfdata.log' could not be opened - service performance data will not be written to file!
[1719448604] Error: Unable to create temp file '/opt/nagios/var/nagios.tmpfJhh59' for writing status data: Permission denied
[1719448614] Warning: File '/opt/nagios/var/perfdata.log' could not be opened - service performance data will not be written to file!
[1719448614] Error: Unable to create temp file '/opt/nagios/var/nagios.tmpWn3GxM' for writing status data: Permission denied
[1719448622] SERVICE ALERT: localhost;HTTP;WARNING;SOFT;1;HTTP WARNING: HTTP/1.1 401 Unauthorized - 695 bytes in 0.001 second response time
[1719448623] Error: Unable to create temp file '/opt/nagios/var/nagios.tmpYzRC6r' for writing status data: Permission denied
[1719448624] Warning: File '/opt/nagios/var/perfdata.log' could not be opened - service performance data will not be written to file!
[1719448633] Error: Unable to create temp file '/opt/nagios/var/nagios.tmp2Vup6K' for writing status data: Permission denied
[1719448634] Warning: File '/opt/nagios/var/perfdata.log' could not be opened - service performance data will not be written to file!
[1719448661] Caught SIGTERM, shutting down...
[1719448661] Successfully shutdown... (PID=15)
[1719448669] Nagios 4.5.0 starting... (PID=21)
[1719448669] Local time is Thu Jun 27 00:37:49 UTC 2024
[1719448669] LOG VERSION: 2.0
[1719448669] qh: Socket '/opt/nagios/var/rw/nagios.qh' successfully initialized
[1719448669] qh: core query handler registered
[1719448669] qh: echo service query handler registered
[1719448669] qh: help for the query handler registered
[1719448669] wproc: Successfully registered manager as @wproc with query handler
[1719448669] wproc: Registry request: name=Core Worker 28;pid=28
[1719448669] wproc: Registry request: name=Core Worker 30;pid=30
[1719448669] wproc: Registry request: name=Core Worker 31;pid=31
[1719448669] wproc: Registry request: name=Core Worker 29;pid=29
[1719448669] Successfully launched command file worker with pid 32
[1719448682] SERVICE ALERT: localhost;HTTP;WARNING;SOFT;2;HTTP WARNING: HTTP/1.1 401 Unauthorized - 695 bytes in 0.001 second response time
[1719448742] SERVICE ALERT: localhost;HTTP;WARNING;SOFT;3;HTTP WARNING: HTTP/1.1 401 Unauthorized - 695 bytes in 0.001 second response time
[1719448802] SERVICE ALERT: localhost;HTTP;WARNING;HARD;4;HTTP WARNING: HTTP/1.1 401 Unauthorized - 695 bytes in 0.001 second response time
[1719448817] Caught SIGTERM, shutting down...
[1719448817] Successfully shutdown... (PID=21)
[1719449215] Nagios 4.5.0 starting... (PID=16)
[1719449215] Local time is Thu Jun 27 00:46:55 UTC 2024
[1719449215] LOG VERSION: 2.0
[1719449215] qh: Socket '/opt/nagios/var/rw/nagios.qh' successfully initialized
[1719449215] qh: core query handler registered
[1719449215] qh: echo service query handler registered
[1719449215] qh: help for the query handler registered
[1719449215] wproc: Successfully registered manager as @wproc with query handler
[1719449215] wproc: Registry request: name=Core Worker 31;pid=31
[1719449215] wproc: Registry request: name=Core Worker 29;pid=29
[1719449215] wproc: Registry request: name=Core Worker 28;pid=28
[1719449215] wproc: Registry request: name=Core Worker 30;pid=30
[1719449215] Warning: Could not open object cache file '/opt/nagios/var/objects.cache' for writing!
[1719449215] Warning: File '/opt/nagios/var/perfdata.log' could not be opened - service performance data will not be written to file!
[1719449217] Successfully launched command file worker with pid 41
[1719449225] Warning: File '/opt/nagios/var/perfdata.log' could not be opened - service performance data will not be written to file!
[1719449235] Warning: File '/opt/nagios/var/perfdata.log' could not be opened - service performance data will not be written to file!
[1719449245] Caught SIGTERM, shutting down...
[1719449245] Warning: File '/opt/nagios/var/perfdata.log' could not be opened - service performance data will not be written to file!
[1719449245] Successfully shutdown... (PID=16)
[1720109041] Error in configuration file '/opt/nagios/etc/nagios.cfg' - Line 452 (Check result path '/opt/nagios/var/spool/checkresults' is not a valid directory)
[1720109041] Error: Failed to process config file '/opt/nagios/etc/nagios.cfg'. Aborting
[1720109042] Error in configuration file '/opt/nagios/etc/nagios.cfg' - Line 452 (Check result path '/opt/nagios/var/spool/checkresults' is not a valid directory)
[1720109042] Error: Failed to process config file '/opt/nagios/etc/nagios.cfg'. Aborting
[1720109043] Error in configuration file '/opt/nagios/etc/nagios.cfg' - Line 452 (Check result path '/opt/nagios/var/spool/checkresults' is not a valid directory)
[1720109043] Error: Failed to process config file '/opt/nagios/etc/nagios.cfg'. Aborting
[1720109044] Error in configuration file '/opt/nagios/etc/nagios.cfg' - Line 452 (Check result path '/opt/nagios/var/spool/checkresults' is not a valid directory)
[1720109044] Error: Failed to process config file '/opt/nagios/etc/nagios.cfg'. Aborting
[1720109045] Error in configuration file '/opt/nagios/etc/nagios.cfg' - Line 452 (Check result path '/opt/nagios/var/spool/checkresults' is not a valid directory)
[1720109045] Error: Failed to process config file '/opt/nagios/etc/nagios.cfg'. Aborting
[1720109046] Error in configuration file '/opt/nagios/etc/nagios.cfg' - Line 452 (Check result path '/opt/nagios/var/spool/checkresults' is not a valid directory)
[1720109046] Error: Failed to process config file '/opt/nagios/etc/nagios.cfg'. Aborting
[1720109047] Error in configuration file '/opt/nagios/etc/nagios.cfg' - Line 452 (Check result path '/opt/nagios/var/spool/checkresults' is not a valid directory)
[1720109047] Error: Failed to process config file '/opt/nagios/etc/nagios.cfg'. Aborting
[1720109048] Error in configuration file '/opt/nagios/etc/nagios.cfg' - Line 452 (Check result path '/opt/nagios/var/spool/checkresults' is not a valid directory)
[1720109048] Error: Failed to process config file '/opt/nagios/etc/nagios.cfg'. Aborting
[1720109049] Error in configuration file '/opt/nagios/etc/nagios.cfg' - Line 452 (Check result path '/opt/nagios/var/spool/checkresults' is not a valid directory)
[1720109049] Error: Failed to process config file '/opt/nagios/etc/nagios.cfg'. Aborting
[1720109050] Error in configuration file '/opt/nagios/etc/nagios.cfg' - Line 452 (Check result path '/opt/nagios/var/spool/checkresults' is not a valid directory)
[1720109050] Error: Failed to process config file '/opt/nagios/etc/nagios.cfg'. Aborting
[1720109051] Error in configuration file '/opt/nagios/etc/nagios.cfg' - Line 452 (Check result path '/opt/nagios/var/spool/checkresults' is not a valid directory)
[1720109051] Error: Failed to process config file '/opt/nagios/etc/nagios.cfg'. Aborting
[1720109053] Error in configuration file '/opt/nagios/etc/nagios.cfg' - Line 452 (Check result path '/opt/nagios/var/spool/checkresults' is not a valid directory)
[1720109053] Error: Failed to process config file '/opt/nagios/etc/nagios.cfg'. Aborting
[1720109054] Error in configuration file '/opt/nagios/etc/nagios.cfg' - Line 452 (Check result path '/opt/nagios/var/spool/checkresults' is not a valid directory)
[1720109054] Error: Failed to process config file '/opt/nagios/etc/nagios.cfg'. Aborting
[1720109055] Error in configuration file '/opt/nagios/etc/nagios.cfg' - Line 452 (Check result path '/opt/nagios/var/spool/checkresults' is not a valid directory)
[1720109055] Error: Failed to process config file '/opt/nagios/etc/nagios.cfg'. Aborting
[1720109056] Error in configuration file '/opt/nagios/etc/nagios.cfg' - Line 452 (Check result path '/opt/nagios/var/spool/checkresults' is not a valid directory)
[1720109056] Error: Failed to process config file '/opt/nagios/etc/nagios.cfg'. Aborting
[1720109057] Error in configuration file '/opt/nagios/etc/nagios.cfg' - Line 452 (Check result path '/opt/nagios/var/spool/checkresults' is not a valid directory)
[1720109057] Error: Failed to process config file '/opt/nagios/etc/nagios.cfg'. Aborting
[1720109058] Error in configuration file '/opt/nagios/etc/nagios.cfg' - Line 452 (Check result path '/opt/nagios/var/spool/checkresults' is not a valid directory)
[1720109058] Error: Failed to process config file '/opt/nagios/etc/nagios.cfg'. Aborting
[1720109059] Error in configuration file '/opt/nagios/etc/nagios.cfg' - Line 452 (Check result path '/opt/nagios/var/spool/checkresults' is not a valid directory)
[1720109059] Error: Failed to process config file '/opt/nagios/etc/nagios.cfg'. Aborting
[1720109060] Error in configuration file '/opt/nagios/etc/nagios.cfg' - Line 452 (Check result path '/opt/nagios/var/spool/checkresults' is not a valid directory)
[1720109060] Error: Failed to process config file '/opt/nagios/etc/nagios.cfg'. Aborting
[1720109061] Error in configuration file '/opt/nagios/etc/nagios.cfg' - Line 452 (Check result path '/opt/nagios/var/spool/checkresults' is not a valid directory)
[1720109061] Error: Failed to process config file '/opt/nagios/etc/nagios.cfg'. Aborting
[1720109062] Error in configuration file '/opt/nagios/etc/nagios.cfg' - Line 452 (Check result path '/opt/nagios/var/spool/checkresults' is not a valid directory)
[1720109062] Error: Failed to process config file '/opt/nagios/etc/nagios.cfg'. Aborting
[1720109063] Error in configuration file '/opt/nagios/etc/nagios.cfg' - Line 452 (Check result path '/opt/nagios/var/spool/checkresults' is not a valid directory)
[1720109063] Error: Failed to process config file '/opt/nagios/etc/nagios.cfg'. Aborting
[1720109064] Error in configuration file '/opt/nagios/etc/nagios.cfg' - Line 452 (Check result path '/opt/nagios/var/spool/checkresults' is not a valid directory)
[1720109064] Error: Failed to process config file '/opt/nagios/etc/nagios.cfg'. Aborting
[1720109065] Error in configuration file '/opt/nagios/etc/nagios.cfg' - Line 452 (Check result path '/opt/nagios/var/spool/checkresults' is not a valid directory)
[1720109065] Error: Failed to process config file '/opt/nagios/etc/nagios.cfg'. Aborting
[1720109066] Error in configuration file '/opt/nagios/etc/nagios.cfg' - Line 452 (Check result path '/opt/nagios/var/spool/checkresults' is not a valid directory)
[1720109066] Error: Failed to process config file '/opt/nagios/etc/nagios.cfg'. Aborting
[1720109067] Error in configuration file '/opt/nagios/etc/nagios.cfg' - Line 452 (Check result path '/opt/nagios/var/spool/checkresults' is not a valid directory)
[1720109067] Error: Failed to process config file '/opt/nagios/etc/nagios.cfg'. Aborting
[1720109068] Error in configuration file '/opt/nagios/etc/nagios.cfg' - Line 452 (Check result path '/opt/nagios/var/spool/checkresults' is not a valid directory)
[1720109068] Error: Failed to process config file '/opt/nagios/etc/nagios.cfg'. Aborting
[1720109069] Error in configuration file '/opt/nagios/etc/nagios.cfg' - Line 452 (Check result path '/opt/nagios/var/spool/checkresults' is not a valid directory)
[1720109069] Error: Failed to process config file '/opt/nagios/etc/nagios.cfg'. Aborting
[1720109070] Error in configuration file '/opt/nagios/etc/nagios.cfg' - Line 452 (Check result path '/opt/nagios/var/spool/checkresults' is not a valid directory)
[1720109070] Error: Failed to process config file '/opt/nagios/etc/nagios.cfg'. Aborting
[1720109071] Error in configuration file '/opt/nagios/etc/nagios.cfg' - Line 452 (Check result path '/opt/nagios/var/spool/checkresults' is not a valid directory)
[1720109071] Error: Failed to process config file '/opt/nagios/etc/nagios.cfg'. Aborting
[1720109072] Error in configuration file '/opt/nagios/etc/nagios.cfg' - Line 452 (Check result path '/opt/nagios/var/spool/checkresults' is not a valid directory)
[1720109072] Error: Failed to process config file '/opt/nagios/etc/nagios.cfg'. Aborting
[1720109073] Error in configuration file '/opt/nagios/etc/nagios.cfg' - Line 452 (Check result path '/opt/nagios/var/spool/checkresults' is not a valid directory)
[1720109073] Error: Failed to process config file '/opt/nagios/etc/nagios.cfg'. Aborting
[1720109074] Error in configuration file '/opt/nagios/etc/nagios.cfg' - Line 452 (Check result path '/opt/nagios/var/spool/checkresults' is not a valid directory)
[1720109074] Error: Failed to process config file '/opt/nagios/etc/nagios.cfg'. Aborting
[1720109075] Error in configuration file '/opt/nagios/etc/nagios.cfg' - Line 452 (Check result path '/opt/nagios/var/spool/checkresults' is not a valid directory)
[1720109075] Error: Failed to process config file '/opt/nagios/etc/nagios.cfg'. Aborting
[1720109076] Error in configuration file '/opt/nagios/etc/nagios.cfg' - Line 452 (Check result path '/opt/nagios/var/spool/checkresults' is not a valid directory)
[1720109076] Error: Failed to process config file '/opt/nagios/etc/nagios.cfg'. Aborting
[1720109077] Error in configuration file '/opt/nagios/etc/nagios.cfg' - Line 452 (Check result path '/opt/nagios/var/spool/checkresults' is not a valid directory)
[1720109077] Error: Failed to process config file '/opt/nagios/etc/nagios.cfg'. Aborting
[1720109078] Error in configuration file '/opt/nagios/etc/nagios.cfg' - Line 452 (Check result path '/opt/nagios/var/spool/checkresults' is not a valid directory)
[1720109078] Error: Failed to process config file '/opt/nagios/etc/nagios.cfg'. Aborting
[1720109079] Error in configuration file '/opt/nagios/etc/nagios.cfg' - Line 452 (Check result path '/opt/nagios/var/spool/checkresults' is not a valid directory)
[1720109079] Error: Failed to process config file '/opt/nagios/etc/nagios.cfg'. Aborting
[1720109080] Error in configuration file '/opt/nagios/etc/nagios.cfg' - Line 452 (Check result path '/opt/nagios/var/spool/checkresults' is not a valid directory)
[1720109080] Error: Failed to process config file '/opt/nagios/etc/nagios.cfg'. Aborting
[1720109081] Error in configuration file '/opt/nagios/etc/nagios.cfg' - Line 452 (Check result path '/opt/nagios/var/spool/checkresults' is not a valid directory)
[1720109081] Error: Failed to process config file '/opt/nagios/etc/nagios.cfg'. Aborting
[1720109082] Error in configuration file '/opt/nagios/etc/nagios.cfg' - Line 452 (Check result path '/opt/nagios/var/spool/checkresults' is not a valid directory)
[1720109082] Error: Failed to process config file '/opt/nagios/etc/nagios.cfg'. Aborting
[1720109272] Error in configuration file '/opt/nagios/etc/nagios.cfg' - Line 452 (Check result path '/opt/nagios/var/spool/checkresults' is not a valid directory)
[1720109272] Error: Failed to process config file '/opt/nagios/etc/nagios.cfg'. Aborting
[1720109273] Error in configuration file '/opt/nagios/etc/nagios.cfg' - Line 452 (Check result path '/opt/nagios/var/spool/checkresults' is not a valid directory)
[1720109273] Error: Failed to process config file '/opt/nagios/etc/nagios.cfg'. Aborting
[1720109274] Error in configuration file '/opt/nagios/etc/nagios.cfg' - Line 452 (Check result path '/opt/nagios/var/spool/checkresults' is not a valid directory)
[1720109274] Error: Failed to process config file '/opt/nagios/etc/nagios.cfg'. Aborting
[1720109275] Error in configuration file '/opt/nagios/etc/nagios.cfg' - Line 452 (Check result path '/opt/nagios/var/spool/checkresults' is not a valid directory)
[1720109275] Error: Failed to process config file '/opt/nagios/etc/nagios.cfg'. Aborting
[1720109276] Error in configuration file '/opt/nagios/etc/nagios.cfg' - Line 452 (Check result path '/opt/nagios/var/spool/checkresults' is not a valid directory)
[1720109276] Error: Failed to process config file '/opt/nagios/etc/nagios.cfg'. Aborting
[1720109277] Error in configuration file '/opt/nagios/etc/nagios.cfg' - Line 452 (Check result path '/opt/nagios/var/spool/checkresults' is not a valid directory)
[1720109277] Error: Failed to process config file '/opt/nagios/etc/nagios.cfg'. Aborting
[1720109278] Error in configuration file '/opt/nagios/etc/nagios.cfg' - Line 452 (Check result path '/opt/nagios/var/spool/checkresults' is not a valid directory)
[1720109278] Error: Failed to process config file '/opt/nagios/etc/nagios.cfg'. Aborting
[1720109279] Error in configuration file '/opt/nagios/etc/nagios.cfg' - Line 452 (Check result path '/opt/nagios/var/spool/checkresults' is not a valid directory)
[1720109279] Error: Failed to process config file '/opt/nagios/etc/nagios.cfg'. Aborting
[1720109280] Error in configuration file '/opt/nagios/etc/nagios.cfg' - Line 452 (Check result path '/opt/nagios/var/spool/checkresults' is not a valid directory)
[1720109280] Error: Failed to process config file '/opt/nagios/etc/nagios.cfg'. Aborting
[1720109281] Error in configuration file '/opt/nagios/etc/nagios.cfg' - Line 452 (Check result path '/opt/nagios/var/spool/checkresults' is not a valid directory)
[1720109281] Error: Failed to process config file '/opt/nagios/etc/nagios.cfg'. Aborting
[1720109282] Error in configuration file '/opt/nagios/etc/nagios.cfg' - Line 452 (Check result path '/opt/nagios/var/spool/checkresults' is not a valid directory)
[1720109282] Error: Failed to process config file '/opt/nagios/etc/nagios.cfg'. Aborting
[1720109283] Error in configuration file '/opt/nagios/etc/nagios.cfg' - Line 452 (Check result path '/opt/nagios/var/spool/checkresults' is not a valid directory)
[1720109283] Error: Failed to process config file '/opt/nagios/etc/nagios.cfg'. Aborting
[1720109284] Error in configuration file '/opt/nagios/etc/nagios.cfg' - Line 452 (Check result path '/opt/nagios/var/spool/checkresults' is not a valid directory)
[1720109284] Error: Failed to process config file '/opt/nagios/etc/nagios.cfg'. Aborting
[1720109285] Error in configuration file '/opt/nagios/etc/nagios.cfg' - Line 452 (Check result path '/opt/nagios/var/spool/checkresults' is not a valid directory)
[1720109285] Error: Failed to process config file '/opt/nagios/etc/nagios.cfg'. Aborting
[1720109286] Error in configuration file '/opt/nagios/etc/nagios.cfg' - Line 452 (Check result path '/opt/nagios/var/spool/checkresults' is not a valid directory)
[1720109286] Error: Failed to process config file '/opt/nagios/etc/nagios.cfg'. Aborting
[1720109287] Error in configuration file '/opt/nagios/etc/nagios.cfg' - Line 452 (Check result path '/opt/nagios/var/spool/checkresults' is not a valid directory)
[1720109287] Error: Failed to process config file '/opt/nagios/etc/nagios.cfg'. Aborting
[1720109288] Error in configuration file '/opt/nagios/etc/nagios.cfg' - Line 452 (Check result path '/opt/nagios/var/spool/checkresults' is not a valid directory)
[1720109288] Error: Failed to process config file '/opt/nagios/etc/nagios.cfg'. Aborting
[1720109289] Error in configuration file '/opt/nagios/etc/nagios.cfg' - Line 452 (Check result path '/opt/nagios/var/spool/checkresults' is not a valid directory)
[1720109289] Error: Failed to process config file '/opt/nagios/etc/nagios.cfg'. Aborting
[1720109290] Error in configuration file '/opt/nagios/etc/nagios.cfg' - Line 452 (Check result path '/opt/nagios/var/spool/checkresults' is not a valid directory)
[1720109290] Error: Failed to process config file '/opt/nagios/etc/nagios.cfg'. Aborting
[1720109291] Error in configuration file '/opt/nagios/etc/nagios.cfg' - Line 452 (Check result path '/opt/nagios/var/spool/checkresults' is not a valid directory)
[1720109291] Error: Failed to process config file '/opt/nagios/etc/nagios.cfg'. Aborting
[1720109292] Error in configuration file '/opt/nagios/etc/nagios.cfg' - Line 452 (Check result path '/opt/nagios/var/spool/checkresults' is not a valid directory)
[1720109292] Error: Failed to process config file '/opt/nagios/etc/nagios.cfg'. Aborting
[1720109293] Error in configuration file '/opt/nagios/etc/nagios.cfg' - Line 452 (Check result path '/opt/nagios/var/spool/checkresults' is not a valid directory)
[1720109293] Error: Failed to process config file '/opt/nagios/etc/nagios.cfg'. Aborting
[1720109294] Error in configuration file '/opt/nagios/etc/nagios.cfg' - Line 452 (Check result path '/opt/nagios/var/spool/checkresults' is not a valid directory)
[1720109294] Error: Failed to process config file '/opt/nagios/etc/nagios.cfg'. Aborting
[1720109295] Error in configuration file '/opt/nagios/etc/nagios.cfg' - Line 452 (Check result path '/opt/nagios/var/spool/checkresults' is not a valid directory)
[1720109295] Error: Failed to process config file '/opt/nagios/etc/nagios.cfg'. Aborting
[1720109296] Error in configuration file '/opt/nagios/etc/nagios.cfg' - Line 452 (Check result path '/opt/nagios/var/spool/checkresults' is not a valid directory)
[1720109296] Error: Failed to process config file '/opt/nagios/etc/nagios.cfg'. Aborting
[1720109297] Error in configuration file '/opt/nagios/etc/nagios.cfg' - Line 452 (Check result path '/opt/nagios/var/spool/checkresults' is not a valid directory)
[1720109297] Error: Failed to process config file '/opt/nagios/etc/nagios.cfg'. Aborting
[1720109298] Error in configuration file '/opt/nagios/etc/nagios.cfg' - Line 452 (Check result path '/opt/nagios/var/spool/checkresults' is not a valid directory)
[1720109298] Error: Failed to process config file '/opt/nagios/etc/nagios.cfg'. Aborting
[1720109299] Error in configuration file '/opt/nagios/etc/nagios.cfg' - Line 452 (Check result path '/opt/nagios/var/spool/checkresults' is not a valid directory)
[1720109299] Error: Failed to process config file '/opt/nagios/etc/nagios.cfg'. Aborting
[1720109300] Error in configuration file '/opt/nagios/etc/nagios.cfg' - Line 452 (Check result path '/opt/nagios/var/spool/checkresults' is not a valid directory)
[1720109300] Error: Failed to process config file '/opt/nagios/etc/nagios.cfg'. Aborting
[1720109302] Error in configuration file '/opt/nagios/etc/nagios.cfg' - Line 452 (Check result path '/opt/nagios/var/spool/checkresults' is not a valid directory)
[1720109302] Error: Failed to process config file '/opt/nagios/etc/nagios.cfg'. Aborting
[1720109303] Error in configuration file '/opt/nagios/etc/nagios.cfg' - Line 452 (Check result path '/opt/nagios/var/spool/checkresults' is not a valid directory)
[1720109303] Error: Failed to process config file '/opt/nagios/etc/nagios.cfg'. Aborting
[1720109304] Error in configuration file '/opt/nagios/etc/nagios.cfg' - Line 452 (Check result path '/opt/nagios/var/spool/checkresults' is not a valid directory)
[1720109304] Error: Failed to process config file '/opt/nagios/etc/nagios.cfg'. Aborting
[1720109305] Error in configuration file '/opt/nagios/etc/nagios.cfg' - Line 452 (Check result path '/opt/nagios/var/spool/checkresults' is not a valid directory)
[1720109305] Error: Failed to process config file '/opt/nagios/etc/nagios.cfg'. Aborting
[1720109306] Error in configuration file '/opt/nagios/etc/nagios.cfg' - Line 452 (Check result path '/opt/nagios/var/spool/checkresults' is not a valid directory)
[1720109306] Error: Failed to process config file '/opt/nagios/etc/nagios.cfg'. Aborting
[1720109307] Error in configuration file '/opt/nagios/etc/nagios.cfg' - Line 452 (Check result path '/opt/nagios/var/spool/checkresults' is not a valid directory)
[1720109307] Error: Failed to process config file '/opt/nagios/etc/nagios.cfg'. Aborting
[1720109308] Error in configuration file '/opt/nagios/etc/nagios.cfg' - Line 452 (Check result path '/opt/nagios/var/spool/checkresults' is not a valid directory)
[1720109308] Error: Failed to process config file '/opt/nagios/etc/nagios.cfg'. Aborting
[1720109309] Error in configuration file '/opt/nagios/etc/nagios.cfg' - Line 452 (Check result path '/opt/nagios/var/spool/checkresults' is not a valid directory)
[1720109309] Error: Failed to process config file '/opt/nagios/etc/nagios.cfg'. Aborting
[1720109310] Error in configuration file '/opt/nagios/etc/nagios.cfg' - Line 452 (Check result path '/opt/nagios/var/spool/checkresults' is not a valid directory)
[1720109310] Error: Failed to process config file '/opt/nagios/etc/nagios.cfg'. Aborting
[1720109311] Error in configuration file '/opt/nagios/etc/nagios.cfg' - Line 452 (Check result path '/opt/nagios/var/spool/checkresults' is not a valid directory)
[1720109311] Error: Failed to process config file '/opt/nagios/etc/nagios.cfg'. Aborting
[1720109312] Error in configuration file '/opt/nagios/etc/nagios.cfg' - Line 452 (Check result path '/opt/nagios/var/spool/checkresults' is not a valid directory)
[1720109312] Error: Failed to process config file '/opt/nagios/etc/nagios.cfg'. Aborting
[1720109313] Error in configuration file '/opt/nagios/etc/nagios.cfg' - Line 452 (Check result path '/opt/nagios/var/spool/checkresults' is not a valid directory)
[1720109313] Error: Failed to process config file '/opt/nagios/etc/nagios.cfg'. Aborting
[1720109314] Error in configuration file '/opt/nagios/etc/nagios.cfg' - Line 452 (Check result path '/opt/nagios/var/spool/checkresults' is not a valid directory)
[1720109314] Error: Failed to process config file '/opt/nagios/etc/nagios.cfg'. Aborting
[1720109423] Nagios 4.5.0 starting... (PID=1)
[1720109423] Local time is Thu Jul 04 16:10:23 UTC 2024
[1720109423] LOG VERSION: 2.0
[1720109423] qh: Failed to init socket '/opt/nagios/var/rw/nagios.qh'. bind() failed: No such file or directory
[1720109423] Error: Failed to initialize query handler. Aborting
[1720109425] Nagios 4.5.0 starting... (PID=1)
[1720109425] Local time is Thu Jul 04 16:10:25 UTC 2024
[1720109425] LOG VERSION: 2.0
[1720109425] qh: Failed to init socket '/opt/nagios/var/rw/nagios.qh'. bind() failed: No such file or directory
[1720109425] Error: Failed to initialize query handler. Aborting
[1720109426] Nagios 4.5.0 starting... (PID=1)
[1720109426] Local time is Thu Jul 04 16:10:26 UTC 2024
[1720109426] LOG VERSION: 2.0
[1720109426] qh: Failed to init socket '/opt/nagios/var/rw/nagios.qh'. bind() failed: No such file or directory
[1720109426] Error: Failed to initialize query handler. Aborting
[1720109427] Nagios 4.5.0 starting... (PID=1)
[1720109427] Local time is Thu Jul 04 16:10:27 UTC 2024
[1720109427] LOG VERSION: 2.0
[1720109427] qh: Failed to init socket '/opt/nagios/var/rw/nagios.qh'. bind() failed: No such file or directory
[1720109427] Error: Failed to initialize query handler. Aborting
[1720109429] Nagios 4.5.0 starting... (PID=1)
[1720109429] Local time is Thu Jul 04 16:10:29 UTC 2024
[1720109429] LOG VERSION: 2.0
[1720109429] qh: Failed to init socket '/opt/nagios/var/rw/nagios.qh'. bind() failed: No such file or directory
[1720109429] Error: Failed to initialize query handler. Aborting
[1720109431] Nagios 4.5.0 starting... (PID=1)
[1720109431] Local time is Thu Jul 04 16:10:31 UTC 2024
[1720109431] LOG VERSION: 2.0
[1720109431] qh: Failed to init socket '/opt/nagios/var/rw/nagios.qh'. bind() failed: No such file or directory
[1720109431] Error: Failed to initialize query handler. Aborting
[1720109435] Nagios 4.5.0 starting... (PID=1)
[1720109435] Local time is Thu Jul 04 16:10:35 UTC 2024
[1720109435] LOG VERSION: 2.0
[1720109435] qh: Failed to init socket '/opt/nagios/var/rw/nagios.qh'. bind() failed: No such file or directory
[1720109435] Error: Failed to initialize query handler. Aborting
[1720109442] Nagios 4.5.0 starting... (PID=1)
[1720109442] Local time is Thu Jul 04 16:10:42 UTC 2024
[1720109442] LOG VERSION: 2.0
[1720109442] qh: Failed to init socket '/opt/nagios/var/rw/nagios.qh'. bind() failed: No such file or directory
[1720109442] Error: Failed to initialize query handler. Aborting
[1720109456] Nagios 4.5.0 starting... (PID=1)
[1720109456] Local time is Thu Jul 04 16:10:56 UTC 2024
[1720109456] LOG VERSION: 2.0
[1720109456] qh: Failed to init socket '/opt/nagios/var/rw/nagios.qh'. bind() failed: No such file or directory
[1720109456] Error: Failed to initialize query handler. Aborting
[1720109483] Nagios 4.5.0 starting... (PID=1)
[1720109483] Local time is Thu Jul 04 16:11:23 UTC 2024
[1720109483] LOG VERSION: 2.0
[1720109483] qh: Failed to init socket '/opt/nagios/var/rw/nagios.qh'. bind() failed: No such file or directory
[1720109483] Error: Failed to initialize query handler. Aborting
[1720109535] Nagios 4.5.0 starting... (PID=1)
[1720109535] Local time is Thu Jul 04 16:12:15 UTC 2024
[1720109535] LOG VERSION: 2.0
[1720109535] qh: Failed to init socket '/opt/nagios/var/rw/nagios.qh'. bind() failed: No such file or directory
[1720109535] Error: Failed to initialize query handler. Aborting
[1720109598] Nagios 4.5.0 starting... (PID=1)
[1720109598] Local time is Thu Jul 04 16:13:18 UTC 2024
[1720109598] LOG VERSION: 2.0
[1720109598] qh: Failed to init socket '/opt/nagios/var/rw/nagios.qh'. bind() failed: No such file or directory
[1720109598] Error: Failed to initialize query handler. Aborting
[1720109638] Nagios 4.5.0 starting... (PID=1)
[1720109638] Local time is Thu Jul 04 16:13:58 UTC 2024
[1720109638] LOG VERSION: 2.0
[1720109638] qh: Failed to init socket '/opt/nagios/var/rw/nagios.qh'. bind() failed: No such file or directory
[1720109638] Error: Failed to initialize query handler. Aborting
[1720109639] Nagios 4.5.0 starting... (PID=1)
[1720109639] Local time is Thu Jul 04 16:13:59 UTC 2024
[1720109639] LOG VERSION: 2.0
[1720109639] qh: Failed to init socket '/opt/nagios/var/rw/nagios.qh'. bind() failed: No such file or directory
[1720109639] Error: Failed to initialize query handler. Aborting
[1720109640] Nagios 4.5.0 starting... (PID=1)
[1720109640] Local time is Thu Jul 04 16:14:00 UTC 2024
[1720109640] LOG VERSION: 2.0
[1720109640] qh: Failed to init socket '/opt/nagios/var/rw/nagios.qh'. bind() failed: No such file or directory
[1720109640] Error: Failed to initialize query handler. Aborting
[1720109641] Nagios 4.5.0 starting... (PID=1)
[1720109641] Local time is Thu Jul 04 16:14:01 UTC 2024
[1720109641] LOG VERSION: 2.0
[1720109641] qh: Failed to init socket '/opt/nagios/var/rw/nagios.qh'. bind() failed: No such file or directory
[1720109641] Error: Failed to initialize query handler. Aborting
[1720109643] Nagios 4.5.0 starting... (PID=1)
[1720109643] Local time is Thu Jul 04 16:14:03 UTC 2024
[1720109643] LOG VERSION: 2.0
[1720109643] qh: Failed to init socket '/opt/nagios/var/rw/nagios.qh'. bind() failed: No such file or directory
[1720109643] Error: Failed to initialize query handler. Aborting
[1720109646] Nagios 4.5.0 starting... (PID=1)
[1720109646] Local time is Thu Jul 04 16:14:06 UTC 2024
[1720109646] LOG VERSION: 2.0
[1720109646] qh: Failed to init socket '/opt/nagios/var/rw/nagios.qh'. bind() failed: No such file or directory
[1720109646] Error: Failed to initialize query handler. Aborting
[1720109650] Nagios 4.5.0 starting... (PID=1)
[1720109650] Local time is Thu Jul 04 16:14:10 UTC 2024
[1720109650] LOG VERSION: 2.0
[1720109650] qh: Failed to init socket '/opt/nagios/var/rw/nagios.qh'. bind() failed: No such file or directory
[1720109650] Error: Failed to initialize query handler. Aborting
[1720109657] Nagios 4.5.0 starting... (PID=1)
[1720109657] Local time is Thu Jul 04 16:14:17 UTC 2024
[1720109657] LOG VERSION: 2.0
[1720109657] qh: Failed to init socket '/opt/nagios/var/rw/nagios.qh'. bind() failed: No such file or directory
[1720109657] Error: Failed to initialize query handler. Aborting
